2017-11-09T08:29:02.4407678Z
2017-11-09T08:29:02.4563916Z w3wp, pid=1580, tid=9
2017-11-09T08:29:02.4563916Z "D:\Program Files (x86)\mysql\5.7.9.0\bin\mysqld.exe" --console --bind-address=127.0.0.1 --explicit_defaults_for_timestamp --basedir="D:\Program Files (x86)\mysql\5.7.9.0" --datadir="C:\DWASFiles\Sites\rlpd\VirtualDirectory0\data\mysql" --port="56888" --tmpdir="D:\local\temp\mysql" --innodb_temp_data_file_path="..\..\..\temp\mysql\ibtmp1:12M:autoextend" --pid-file="D:\local\temp\mysql\RD0003FF648385.pid" 
2017-11-09T08:29:02.4876556Z mysqld:5292 started
2017-11-09T08:29:02.706405Z 0 [Warning] 'NO_ZERO_DATE', 'NO_ZERO_IN_DATE' and 'ERROR_FOR_DIVISION_BY_ZERO' sql modes should be used with strict mode. They will be merged with strict mode in a future release.
2017-11-09T08:29:02.706405Z 0 [Warning] 'NO_AUTO_CREATE_USER' sql mode was not set.
2017-11-09T08:29:02.706405Z 0 [Warning] Insecure configuration for --secure-file-priv: Current value does not restrict location of generated files. Consider setting it to a valid, non-empty path.
2017-11-09T08:29:02.706405Z 0 [ERROR] Cannot open Windows EventLog; check privileges, or start server with --log_syslog=0
2017-11-09T08:29:02.706405Z 0 [Note] D:\Program Files (x86)\mysql\5.7.9.0\bin\mysqld.exe (mysqld 5.7.9) starting as process 5292 ...
2017-11-09T08:29:02.753277Z 0 [Note] InnoDB: Mutexes and rw_locks use Windows interlocked functions
2017-11-09T08:29:02.753277Z 0 [Note] InnoDB: Uses event mutexes
2017-11-09T08:29:02.753277Z 0 [Note] InnoDB: Memory barrier is not used
2017-11-09T08:29:02.753277Z 0 [Note] InnoDB: Compressed tables use zlib 1.2.3
2017-11-09T08:29:02.768900Z 0 [Note] InnoDB: Number of pools: 1
2017-11-09T08:29:02.768900Z 0 [Note] InnoDB: Not using CPU crc32 instructions
2017-11-09T08:29:02.817506Z 0 [Note] InnoDB: Initializing buffer pool, total size = 256M, instances = 1, chunk size = 128M
2017-11-09T08:29:02.862649Z 0 [Note] InnoDB: Completed initialization of buffer pool
2017-11-09T08:29:03.253843Z 0 [Note] InnoDB: Highest supported file format is Barracuda.
2017-11-09T08:29:04.660134Z 0 [Note] InnoDB: Creating shared tablespace for temporary tables
2017-11-09T08:29:04.660134Z 0 [Note] InnoDB: Setting file '..\..\..\temp\mysql\ibtmp1' size to 12 MB. Physically writing the file full; Please wait ...
2017-11-09T08:29:04.894558Z 0 [Note] InnoDB: File '..\..\..\temp\mysql\ibtmp1' size is now 12 MB.
2017-11-09T08:29:04.894558Z 0 [Note] InnoDB: 96 redo rollback segment(s) found. 96 redo rollback segment(s) are active.
2017-11-09T08:29:04.894558Z 0 [Note] InnoDB: 32 non-redo rollback segment(s) are active.
2017-11-09T08:29:04.894558Z 0 [Note] InnoDB: Waiting for purge to start
2017-11-09T08:29:04.963318Z 0 [Note] InnoDB: 5.7.9 started; log sequence number 2472392
2017-11-09T08:29:04.963318Z 0 [Note] InnoDB: not started
2017-11-09T08:29:04.963318Z 0 [Note] Plugin 'FEDERATED' is disabled.
2017-11-09T08:29:04.972639Z 0 [Note] InnoDB: Loading buffer pool(s) from C:\DWASFiles\Sites\rlpd\VirtualDirectory0\data\mysql\ib_buffer_pool
2017-11-09T08:29:05.069272Z 0 [Warning] Failed to set up SSL because of the following SSL library error: SSL context is not usable without certificate and private key
2017-11-09T08:29:05.069272Z 0 [Note] Server hostname (bind-address): '127.0.0.1'; port: 56888
2017-11-09T08:29:05.069272Z 0 [Note]   - '127.0.0.1' resolves to '127.0.0.1';
2017-11-09T08:29:05.069272Z 0 [Note] Server socket created on IP: '127.0.0.1'.
2017-11-09T08:29:05.444251Z 0 [Note] InnoDB: Buffer pool(s) load completed at 171109  8:29:05
2017-11-09T08:29:05.921479Z 0 [Note] Event Scheduler: Loaded 0 events
2017-11-09T08:29:05.921479Z 0 [Note] D:\Program Files (x86)\mysql\5.7.9.0\bin\mysqld.exe: ready for connections.
Version: '5.7.9'  socket: ''  port: 56888  MySQL Community Server (GPL)
2017-11-09T08:29:05.9384270Z mysqld(5292) is ready at port 56888!
2017-11-09T08:34:24.996813Z 0 [Note] D:\Program Files (x86)\mysql\5.7.9.0\bin\mysqld.exe: Normal shutdown

2017-11-09T08:34:24.996813Z 0 [Note] Giving 0 client threads a chance to die gracefully
2017-11-09T08:34:24.996813Z 0 [Note] Shutting down slave threads
2017-11-09T08:34:25.012391Z 0 [Note] Forcefully disconnecting 0 remaining clients
2017-11-09T08:34:25.012391Z 0 [Note] Event Scheduler: Purging the queue. 0 events
2017-11-09T08:34:25.012391Z 0 [Note] Binlog end
2017-11-09T08:34:25.012391Z 0 [Note] Shutting down plugin 'ngram'
2017-11-09T08:34:25.012391Z 0 [Note] Shutting down plugin 'partition'
2017-11-09T08:34:25.012391Z 0 [Note] Shutting down plugin 'BLACKHOLE'
2017-11-09T08:34:25.012391Z 0 [Note] Shutting down plugin 'ARCHIVE'
2017-11-09T08:34:25.012391Z 0 [Note] Shutting down plugin 'PERFORMANCE_SCHEMA'
2017-11-09T08:34:25.012391Z 0 [Note] Shutting down plugin 'MRG_MYISAM'
2017-11-09T08:34:25.012391Z 0 [Note] Shutting down plugin 'MyISAM'
2017-11-09T08:34:25.012391Z 0 [Note] Shutting down plugin 'INNODB_SYS_VIRTUAL'
2017-11-09T08:34:25.012391Z 0 [Note] Shutting down plugin 'INNODB_SYS_DATAFILES'
2017-11-09T08:34:25.012391Z 0 [Note] Shutting down plugin 'INNODB_SYS_TABLESPACES'
2017-11-09T08:34:25.012391Z 0 [Note] Shutting down plugin 'INNODB_SYS_FOREIGN_COLS'
2017-11-09T08:34:25.012391Z 0 [Note] Shutting down plugin 'INNODB_SYS_FOREIGN'
2017-11-09T08:34:25.012391Z 0 [Note] Shutting down plugin 'INNODB_SYS_FIELDS'
2017-11-09T08:34:25.012391Z 0 [Note] Shutting down plugin 'INNODB_SYS_COLUMNS'
2017-11-09T08:34:25.012391Z 0 [Note] Shutting down plugin 'INNODB_SYS_INDEXES'
2017-11-09T08:34:25.012391Z 0 [Note] Shutting down plugin 'INNODB_SYS_TABLESTATS'
2017-11-09T08:34:25.012391Z 0 [Note] Shutting down plugin 'INNODB_SYS_TABLES'
2017-11-09T08:34:25.012391Z 0 [Note] Shutting down plugin 'INNODB_FT_INDEX_TABLE'
2017-11-09T08:34:25.012391Z 0 [Note] Shutting down plugin 'INNODB_FT_INDEX_CACHE'
2017-11-09T08:34:25.012391Z 0 [Note] Shutting down plugin 'INNODB_FT_CONFIG'
2017-11-09T08:34:25.012391Z 0 [Note] Shutting down plugin 'INNODB_FT_BEING_DELETED'
2017-11-09T08:34:25.012391Z 0 [Note] Shutting down plugin 'INNODB_FT_DELETED'
2017-11-09T08:34:25.012391Z 0 [Note] Shutting down plugin 'INNODB_FT_DEFAULT_STOPWORD'
2017-11-09T08:34:25.012391Z 0 [Note] Shutting down plugin 'INNODB_METRICS'
2017-11-09T08:34:25.012391Z 0 [Note] Shutting down plugin 'INNODB_TEMP_TABLE_INFO'
2017-11-09T08:34:25.012391Z 0 [Note] Shutting down plugin 'INNODB_BUFFER_POOL_STATS'
2017-11-09T08:34:25.012391Z 0 [Note] Shutting down plugin 'INNODB_BUFFER_PAGE_LRU'
2017-11-09T08:34:25.012391Z 0 [Note] Shutting down plugin 'INNODB_BUFFER_PAGE'
2017-11-09T08:34:25.012391Z 0 [Note] Shutting down plugin 'INNODB_CMP_PER_INDEX_RESET'
2017-11-09T08:34:25.012391Z 0 [Note] Shutting down plugin 'INNODB_CMP_PER_INDEX'
2017-11-09T08:34:25.012391Z 0 [Note] Shutting down plugin 'INNODB_CMPMEM_RESET'
2017-11-09T08:34:25.012391Z 0 [Note] Shutting down plugin 'INNODB_CMPMEM'
2017-11-09T08:34:25.012391Z 0 [Note] Shutting down plugin 'INNODB_CMP_RESET'
2017-11-09T08:34:25.012391Z 0 [Note] Shutting down plugin 'INNODB_CMP'
2017-11-09T08:34:25.012391Z 0 [Note] Shutting down plugin 'INNODB_LOCK_WAITS'
2017-11-09T08:34:25.012391Z 0 [Note] Shutting down plugin 'INNODB_LOCKS'
2017-11-09T08:34:25.012391Z 0 [Note] Shutting down plugin 'INNODB_TRX'
2017-11-09T08:34:25.012391Z 0 [Note] Shutting down plugin 'InnoDB'
2017-11-09T08:34:25.012391Z 0 [Note] InnoDB: FTS optimize thread exiting.
2017-11-09T08:34:25.012391Z 0 [Note] InnoDB: Starting shutdown...
2017-11-09T08:34:25.121767Z 0 [Note] InnoDB: Dumping buffer pool(s) to C:\DWASFiles\Sites\rlpd\VirtualDirectory0\data\mysql\ib_buffer_pool
2017-11-09T08:34:25.121767Z 0 [Note] InnoDB: Buffer pool(s) dump completed at 171109  8:34:25
2017-11-09T08:34:26.793683Z 0 [Note] InnoDB: Shutdown completed; log sequence number 2472420
2017-11-09T08:34:26.793683Z 0 [Note] InnoDB: Removed temporary tablespace data file: "..\..\..\temp\mysql\ibtmp1"
2017-11-09T08:34:26.793683Z 0 [Note] Shutting down plugin 'MEMORY'
2017-11-09T08:34:26.793683Z 0 [Note] Shutting down plugin 'CSV'
2017-11-09T08:34:26.793683Z 0 [Note] Shutting down plugin 'sha256_password'

2017-11-09T08:34:26.793683Z 0 [Note] Shutting down plugin 'mysql_native_password'
2017-11-09T08:34:26.793683Z 0 [Note] Shutting down plugin 'binlog'
2017-11-09T08:34:26.793683Z 0 [Note] D:\Program Files (x86)\mysql\5.7.9.0\bin\mysqld.exe: Shutdown complete


